\BOOKMARK [0][-]{chapter*.1}{Preface}{}% 1
\BOOKMARK [0][-]{chapter*.2}{Acknowledgments}{}% 2
\BOOKMARK [0][-]{chapter.1}{Introduction}{}% 3
\BOOKMARK [0][-]{chapter.2}{Setup}{}% 4
\BOOKMARK [0][-]{chapter.3}{Importance sampling for unbiased on-demand evaluation of knowledge base population}{}% 5
\BOOKMARK [1][-]{section.3.1}{Introduction}{chapter.3}% 6
\BOOKMARK [1][-]{section.3.2}{Background}{chapter.3}% 7
\BOOKMARK [1][-]{section.3.3}{Measuring pooling bias}{chapter.3}% 8
\BOOKMARK [1][-]{section.3.4}{On-demand evaluation with importance sampling}{chapter.3}% 9
\BOOKMARK [2][-]{subsection.3.4.1}{Problem statement}{section.3.4}% 10
\BOOKMARK [2][-]{subsection.3.4.2}{Simple estimators}{section.3.4}% 11
\BOOKMARK [2][-]{subsection.3.4.3}{Joint estimators}{section.3.4}% 12
\BOOKMARK [1][-]{section.3.5}{On-demand evaluation for KBP}{chapter.3}% 13
\BOOKMARK [2][-]{subsection.3.5.1}{Sampling from system predictions}{section.3.5}% 14
\BOOKMARK [2][-]{subsection.3.5.2}{Labeling predicted instances}{section.3.5}% 15
\BOOKMARK [2][-]{subsection.3.5.3}{Sampling true instances}{section.3.5}% 16
\BOOKMARK [1][-]{section.3.6}{Evaluation}{chapter.3}% 17
\BOOKMARK [2][-]{subsection.3.6.1}{Bias and variance of the on-demand evaluation.}{section.3.6}% 18
\BOOKMARK [2][-]{subsection.3.6.2}{Number of samples required by on-demand evaluation}{section.3.6}% 19
\BOOKMARK [2][-]{subsection.3.6.3}{A mock evaluation for TAC KBP 2016}{section.3.6}% 20
\BOOKMARK [1][-]{section.3.7}{Related work}{chapter.3}% 21
\BOOKMARK [1][-]{section.3.8}{Discussion}{chapter.3}% 22
\BOOKMARK [0][-]{chapter.4}{The price of debiasing automatic metrics in natural language evaluation}{}% 23
\BOOKMARK [1][-]{section.4.1}{Introduction}{chapter.4}% 24
\BOOKMARK [1][-]{section.4.2}{ Bias in automatic evaluation}{chapter.4}% 25
\BOOKMARK [1][-]{section.4.3}{Statistical estimation for unbiased evaluation}{chapter.4}% 26
\BOOKMARK [2][-]{subsection.4.3.1}{Sample mean}{section.4.3}% 27
\BOOKMARK [2][-]{subsection.4.3.2}{Control variates estimator}{section.4.3}% 28
\BOOKMARK [2][-]{subsection.4.3.3}{Using the control variates estimator}{section.4.3}% 29
\BOOKMARK [2][-]{subsection.4.3.4}{Discussion of assumptions}{section.4.3}% 30
\BOOKMARK [1][-]{section.4.4}{ Tasks and datasets}{chapter.4}% 31
\BOOKMARK [1][-]{section.4.5}{Experimental results}{chapter.4}% 32
\BOOKMARK [1][-]{section.4.6}{ Related work}{chapter.4}% 33
\BOOKMARK [1][-]{section.4.7}{Discussion}{chapter.4}% 34
\BOOKMARK [0][-]{chapter.5}{On-the-Job Learning with Bayesian Decision Theory}{}% 35
\BOOKMARK [1][-]{section.5.1}{Introduction}{chapter.5}% 36
\BOOKMARK [1][-]{section.5.2}{Problem formulation}{chapter.5}% 37
\BOOKMARK [1][-]{section.5.3}{Model}{chapter.5}% 38
\BOOKMARK [1][-]{section.5.4}{Game playing}{chapter.5}% 39
\BOOKMARK [1][-]{section.5.5}{Experiments}{chapter.5}% 40
\BOOKMARK [1][-]{section.5.6}{Related Work}{chapter.5}% 41
\BOOKMARK [1][-]{section.5.7}{Conclusion}{chapter.5}% 42
\BOOKMARK [0][-]{chapter.6}{Conclusions: where do we go from here?}{}% 43
