This is pdfTeX, Version 3.14159265-2.6-1.40.16 (TeX Live 2015) (preloaded format=pdflatex 2015.5.24)  16 MAY 2018 11:05
entering extended mode
 restricted \write18 enabled.
 %&-line parsing enabled.
**main
(./main.tex
LaTeX2e <2015/01/01>
Babel <3.9l> and hyphenation patterns for 79 languages loaded.
(/usr/local/texlive/2015/texmf-dist/tex/latex/base/article.cls
Document Class: article 2014/09/29 v1.4h Standard LaTeX document class
(/usr/local/texlive/2015/texmf-dist/tex/latex/base/size11.clo
File: size11.clo 2014/09/29 v1.4h Standard LaTeX file (size option)
)
\c@part=\count79
\c@section=\count80
\c@subsection=\count81
\c@subsubsection=\count82
\c@paragraph=\count83
\c@subparagraph=\count84
\c@figure=\count85
\c@table=\count86
\abovecaptionskip=\skip41
\belowcaptionskip=\skip42
\bibindent=\dimen102
)
(/usr/local/texlive/2015/texmf-dist/tex/latex/hyperref/hyperref.sty
Package: hyperref 2012/11/06 v6.83m Hypertext links for LaTeX

(/usr/local/texlive/2015/texmf-dist/tex/generic/oberdiek/hobsub-hyperref.sty
Package: hobsub-hyperref 2012/05/28 v1.13 Bundle oberdiek, subset hyperref (HO)


(/usr/local/texlive/2015/texmf-dist/tex/generic/oberdiek/hobsub-generic.sty
Package: hobsub-generic 2012/05/28 v1.13 Bundle oberdiek, subset generic (HO)
Package: hobsub 2012/05/28 v1.13 Construct package bundles (HO)
Package: infwarerr 2010/04/08 v1.3 Providing info/warning/error messages (HO)
Package: ltxcmds 2011/11/09 v1.22 LaTeX kernel commands for general use (HO)
Package: ifluatex 2010/03/01 v1.3 Provides the ifluatex switch (HO)
Package ifluatex Info: LuaTeX not detected.
Package: ifvtex 2010/03/01 v1.5 Detect VTeX and its facilities (HO)
Package ifvtex Info: VTeX not detected.
Package: intcalc 2007/09/27 v1.1 Expandable calculations with integers (HO)
Package: ifpdf 2011/01/30 v2.3 Provides the ifpdf switch (HO)
Package ifpdf Info: pdfTeX in PDF mode is detected.
Package: etexcmds 2011/02/16 v1.5 Avoid name clashes with e-TeX commands (HO)
Package etexcmds Info: Could not find \expanded.
(etexcmds)             That can mean that you are not using pdfTeX 1.50 or
(etexcmds)             that some package has redefined \expanded.
(etexcmds)             In the latter case, load this package earlier.
Package: kvsetkeys 2012/04/25 v1.16 Key value parser (HO)
Package: kvdefinekeys 2011/04/07 v1.3 Define keys (HO)
Package: pdftexcmds 2011/11/29 v0.20 Utility functions of pdfTeX for LuaTeX (HO
)
Package pdftexcmds Info: LuaTeX not detected.
Package pdftexcmds Info: \pdf@primitive is available.
Package pdftexcmds Info: \pdf@ifprimitive is available.
Package pdftexcmds Info: \pdfdraftmode found.
Package: pdfescape 2011/11/25 v1.13 Implements pdfTeX's escape features (HO)
Package: bigintcalc 2012/04/08 v1.3 Expandable calculations on big integers (HO
)
Package: bitset 2011/01/30 v1.1 Handle bit-vector datatype (HO)
Package: uniquecounter 2011/01/30 v1.2 Provide unlimited unique counter (HO)
)
Package hobsub Info: Skipping package `hobsub' (already loaded).
Package: letltxmacro 2010/09/02 v1.4 Let assignment for LaTeX macros (HO)
Package: hopatch 2012/05/28 v1.2 Wrapper for package hooks (HO)
Package: xcolor-patch 2011/01/30 xcolor patch
Package: atveryend 2011/06/30 v1.8 Hooks at the very end of document (HO)
Package atveryend Info: \enddocument detected (standard20110627).
Package: atbegshi 2011/10/05 v1.16 At begin shipout hook (HO)
Package: refcount 2011/10/16 v3.4 Data extraction from label references (HO)
Package: hycolor 2011/01/30 v1.7 Color options for hyperref/bookmark (HO)
)
(/usr/local/texlive/2015/texmf-dist/tex/latex/graphics/keyval.sty
Package: keyval 2014/10/28 v1.15 key=value parser (DPC)
\KV@toks@=\toks14
)
(/usr/local/texlive/2015/texmf-dist/tex/generic/ifxetex/ifxetex.sty
Package: ifxetex 2010/09/12 v0.6 Provides ifxetex conditional
)
(/usr/local/texlive/2015/texmf-dist/tex/latex/oberdiek/auxhook.sty
Package: auxhook 2011/03/04 v1.3 Hooks for auxiliary files (HO)
)
(/usr/local/texlive/2015/texmf-dist/tex/latex/oberdiek/kvoptions.sty
Package: kvoptions 2011/06/30 v3.11 Key value format for package options (HO)
)
\@linkdim=\dimen103
\Hy@linkcounter=\count87
\Hy@pagecounter=\count88

(/usr/local/texlive/2015/texmf-dist/tex/latex/hyperref/pd1enc.def
File: pd1enc.def 2012/11/06 v6.83m Hyperref: PDFDocEncoding definition (HO)
)
\Hy@SavedSpaceFactor=\count89

(/usr/local/texlive/2015/texmf-dist/tex/latex/latexconfig/hyperref.cfg
File: hyperref.cfg 2002/06/06 v1.2 hyperref configuration of TeXLive
)
Package hyperref Info: Hyper figures OFF on input line 4443.
Package hyperref Info: Link nesting OFF on input line 4448.
Package hyperref Info: Hyper index ON on input line 4451.
Package hyperref Info: Plain pages OFF on input line 4458.
Package hyperref Info: Backreferencing OFF on input line 4463.
Package hyperref Info: Implicit mode ON; LaTeX internals redefined.
Package hyperref Info: Bookmarks ON on input line 4688.
\c@Hy@tempcnt=\count90

(/usr/local/texlive/2015/texmf-dist/tex/latex/url/url.sty
\Urlmuskip=\muskip10
Package: url 2013/09/16  ver 3.4  Verb mode for urls, etc.
)
LaTeX Info: Redefining \url on input line 5041.
\XeTeXLinkMargin=\dimen104
\Fld@menulength=\count91
\Field@Width=\dimen105
\Fld@charsize=\dimen106
Package hyperref Info: Hyper figures OFF on input line 6295.
Package hyperref Info: Link nesting OFF on input line 6300.
Package hyperref Info: Hyper index ON on input line 6303.
Package hyperref Info: backreferencing OFF on input line 6310.
Package hyperref Info: Link coloring OFF on input line 6315.
Package hyperref Info: Link coloring with OCG OFF on input line 6320.
Package hyperref Info: PDF/A mode OFF on input line 6325.
LaTeX Info: Redefining \ref on input line 6365.
LaTeX Info: Redefining \pageref on input line 6369.
\Hy@abspage=\count92
\c@Item=\count93
\c@Hfootnote=\count94
)

Package hyperref Message: Driver (autodetected): hpdftex.

(/usr/local/texlive/2015/texmf-dist/tex/latex/hyperref/hpdftex.def
File: hpdftex.def 2012/11/06 v6.83m Hyperref driver for pdfTeX
\Fld@listcount=\count95
\c@bookmark@seq@number=\count96

(/usr/local/texlive/2015/texmf-dist/tex/latex/oberdiek/rerunfilecheck.sty
Package: rerunfilecheck 2011/04/15 v1.7 Rerun checks for auxiliary files (HO)
Package uniquecounter Info: New unique counter `rerunfilecheck' on input line 2
82.
)
\Hy@SectionHShift=\skip43
)
(./acl2018.sty (/usr/local/texlive/2015/texmf-dist/tex/latex/xcolor/xcolor.sty
Package: xcolor 2007/01/21 v2.11 LaTeX color extensions (UK)

(/usr/local/texlive/2015/texmf-dist/tex/latex/latexconfig/color.cfg
File: color.cfg 2007/01/18 v1.5 color configuration of teTeX/TeXLive
)
Package xcolor Info: Driver file: pdftex.def on input line 225.

(/usr/local/texlive/2015/texmf-dist/tex/latex/pdftex-def/pdftex.def
File: pdftex.def 2011/05/27 v0.06d Graphics/color for pdfTeX
\Gread@gobject=\count97
)
Package xcolor Info: Model `cmy' substituted by `cmy0' on input line 1337.
Package xcolor Info: Model `hsb' substituted by `rgb' on input line 1341.
Package xcolor Info: Model `RGB' extended on input line 1353.
Package xcolor Info: Model `HTML' substituted by `rgb' on input line 1355.
Package xcolor Info: Model `Hsb' substituted by `hsb' on input line 1356.
Package xcolor Info: Model `tHsb' substituted by `hsb' on input line 1357.
Package xcolor Info: Model `HSB' substituted by `hsb' on input line 1358.
Package xcolor Info: Model `Gray' substituted by `gray' on input line 1359.
Package xcolor Info: Model `wave' substituted by `hsb' on input line 1360.
)
Package hyperref Info: Option `colorlinks' set `true' on input line 103.

Conference Style for ACL 2018
\titlebox=\skip44
\aclrulerbox=\box26
\aclrulercount=\count98
\aclruleroffset=\dimen107
\cv@lineheight=\dimen108
\cv@boxheight=\dimen109
\cv@tmpbox=\box27
\cv@refno=\count99
\cv@tot=\count100
\cv@tmpc@=\count101
\cv@tmpc=\count102
(/usr/local/texlive/2015/texmf-dist/tex/latex/natbib/natbib.sty
Package: natbib 2010/09/13 8.31b (PWD, AO)
\bibhang=\skip45
\bibsep=\skip46
LaTeX Info: Redefining \cite on input line 694.
\c@NAT@ctr=\count103
))
(/usr/local/texlive/2015/texmf-dist/tex/latex/psnfss/times.sty
Package: times 2005/04/12 PSNFSS-v9.2a (SPQR) 
)
(/usr/local/texlive/2015/texmf-dist/tex/latex/base/latexsym.sty
Package: latexsym 1998/08/17 v2.2e Standard LaTeX package (lasy symbols)
\symlasy=\mathgroup4
LaTeX Font Info:    Overwriting symbol font `lasy' in version `bold'
(Font)                  U/lasy/m/n --> U/lasy/b/n on input line 52.
)
(/usr/local/texlive/2015/texmf-dist/tex/latex/base/ifthen.sty
Package: ifthen 2014/09/29 v1.1c Standard LaTeX ifthen package (DPC)
)
(/usr/local/texlive/2015/texmf-dist/tex/latex/amsmath/amsmath.sty
Package: amsmath 2013/01/14 v2.14 AMS math features
\@mathmargin=\skip47

For additional information on amsmath, use the `?' option.
(/usr/local/texlive/2015/texmf-dist/tex/latex/amsmath/amstext.sty
Package: amstext 2000/06/29 v2.01

(/usr/local/texlive/2015/texmf-dist/tex/latex/amsmath/amsgen.sty
File: amsgen.sty 1999/11/30 v2.0
\@emptytoks=\toks15
\ex@=\dimen110
))
(/usr/local/texlive/2015/texmf-dist/tex/latex/amsmath/amsbsy.sty
Package: amsbsy 1999/11/29 v1.2d
\pmbraise@=\dimen111
)
(/usr/local/texlive/2015/texmf-dist/tex/latex/amsmath/amsopn.sty
Package: amsopn 1999/12/14 v2.01 operator names
)
\inf@bad=\count104
LaTeX Info: Redefining \frac on input line 210.
\uproot@=\count105
\leftroot@=\count106
LaTeX Info: Redefining \overline on input line 306.
\classnum@=\count107
\DOTSCASE@=\count108
LaTeX Info: Redefining \ldots on input line 378.
LaTeX Info: Redefining \dots on input line 381.
LaTeX Info: Redefining \cdots on input line 466.
\Mathstrutbox@=\box28
\strutbox@=\box29
\big@size=\dimen112
LaTeX Font Info:    Redeclaring font encoding OML on input line 566.
LaTeX Font Info:    Redeclaring font encoding OMS on input line 567.
\macc@depth=\count109
\c@MaxMatrixCols=\count110
\dotsspace@=\muskip11
\c@parentequation=\count111
\dspbrk@lvl=\count112
\tag@help=\toks16
\row@=\count113
\column@=\count114
\maxfields@=\count115
\andhelp@=\toks17
\eqnshift@=\dimen113
\alignsep@=\dimen114
\tagshift@=\dimen115
\tagwidth@=\dimen116
\totwidth@=\dimen117
\lineht@=\dimen118
\@envbody=\toks18
\multlinegap=\skip48
\multlinetaggap=\skip49
\mathdisplay@stack=\toks19
LaTeX Info: Redefining \[ on input line 2665.
LaTeX Info: Redefining \] on input line 2666.
)
(/usr/local/texlive/2015/texmf-dist/tex/latex/amscls/amsthm.sty
Package: amsthm 2015/03/04 v2.20.2
\thm@style=\toks20
\thm@bodyfont=\toks21
\thm@headfont=\toks22
\thm@notefont=\toks23
\thm@headpunct=\toks24
\thm@preskip=\skip50
\thm@postskip=\skip51
\thm@headsep=\skip52
\dth@everypar=\toks25
)
(/usr/local/texlive/2015/texmf-dist/tex/latex/amsfonts/amsfonts.sty
Package: amsfonts 2013/01/14 v3.01 Basic AMSFonts support
\symAMSa=\mathgroup5
\symAMSb=\mathgroup6
LaTeX Font Info:    Overwriting math alphabet `\mathfrak' in version `bold'
(Font)                  U/euf/m/n --> U/euf/b/n on input line 106.
)
(/usr/local/texlive/2015/texmf-dist/tex/latex/amsfonts/amssymb.sty
Package: amssymb 2013/01/14 v3.01 AMS font symbols
)
(/usr/local/texlive/2015/texmf-dist/tex/latex/bbm-macros/bbm.sty
Package: bbm 1999/03/15 V 1.2 provides fonts for set symbols - TH
LaTeX Font Info:    Overwriting math alphabet `\mathbbm' in version `bold'
(Font)                  U/bbm/m/n --> U/bbm/bx/n on input line 33.
LaTeX Font Info:    Overwriting math alphabet `\mathbbmss' in version `bold'
(Font)                  U/bbmss/m/n --> U/bbmss/bx/n on input line 35.
)
(/usr/local/texlive/2015/texmf-dist/tex/latex/graphics/graphicx.sty
Package: graphicx 2014/10/28 v1.0g Enhanced LaTeX Graphics (DPC,SPQR)

(/usr/local/texlive/2015/texmf-dist/tex/latex/graphics/graphics.sty
Package: graphics 2014/10/28 v1.0p Standard LaTeX Graphics (DPC,SPQR)

(/usr/local/texlive/2015/texmf-dist/tex/latex/graphics/trig.sty
Package: trig 1999/03/16 v1.09 sin cos tan (DPC)
)
(/usr/local/texlive/2015/texmf-dist/tex/latex/latexconfig/graphics.cfg
File: graphics.cfg 2010/04/23 v1.9 graphics configuration of TeX Live
)
Package graphics Info: Driver file: pdftex.def on input line 94.
)
\Gin@req@height=\dimen119
\Gin@req@width=\dimen120
)
(/usr/local/texlive/2015/texmf-dist/tex/latex/caption/subcaption.sty
Package: subcaption 2013/02/03 v1.1-62 Sub-captions (AR)

(/usr/local/texlive/2015/texmf-dist/tex/latex/caption/caption.sty
Package: caption 2013/05/02 v3.3-89 Customizing captions (AR)

(/usr/local/texlive/2015/texmf-dist/tex/latex/caption/caption3.sty
Package: caption3 2013/05/02 v1.6-88 caption3 kernel (AR)
Package caption3 Info: TeX engine: e-TeX on input line 57.
\captionmargin=\dimen121
\captionmargin@=\dimen122
\captionwidth=\dimen123
\caption@tempdima=\dimen124
\caption@indent=\dimen125
\caption@parindent=\dimen126
\caption@hangindent=\dimen127
)
\c@ContinuedFloat=\count116
Package caption Info: hyperref package is loaded.
)
\c@subfigure=\count117
\c@subtable=\count118
)
(/usr/local/texlive/2015/texmf-dist/tex/latex/booktabs/booktabs.sty
Package: booktabs 2005/04/14 v1.61803 publication quality tables
\heavyrulewidth=\dimen128
\lightrulewidth=\dimen129
\cmidrulewidth=\dimen130
\belowrulesep=\dimen131
\belowbottomsep=\dimen132
\aboverulesep=\dimen133
\abovetopsep=\dimen134
\cmidrulesep=\dimen135
\cmidrulekern=\dimen136
\defaultaddspace=\dimen137
\@cmidla=\count119
\@cmidlb=\count120
\@aboverulesep=\dimen138
\@belowrulesep=\dimen139
\@thisruleclass=\count121
\@lastruleclass=\count122
\@thisrulewidth=\dimen140
)
(/usr/local/texlive/2015/texmf-dist/tex/latex/soul/soul.sty
Package: soul 2003/11/17 v2.4 letterspacing/underlining (mf)
\SOUL@word=\toks26
\SOUL@lasttoken=\toks27
\SOUL@cmds=\toks28
\SOUL@buffer=\toks29
\SOUL@token=\toks30
\SOUL@spaceskip=\skip53
\SOUL@ttwidth=\dimen141
\SOUL@uldp=\dimen142
\SOUL@ulht=\dimen143
)
(/usr/local/texlive/2015/texmf-dist/tex/latex/colortbl/colortbl.sty
Package: colortbl 2012/02/13 v1.0a Color table columns (DPC)

(/usr/local/texlive/2015/texmf-dist/tex/latex/tools/array.sty
Package: array 2014/10/28 v2.4c Tabular extension package (FMi)
\col@sep=\dimen144
\extrarowheight=\dimen145
\NC@list=\toks31
\extratabsurround=\skip54
\backup@length=\skip55
)
\everycr=\toks32
\minrowclearance=\skip56
)
(/usr/local/texlive/2015/texmf-dist/tex/latex/algorithms/algorithm.sty
Package: algorithm 2009/08/24 v0.1 Document Style `algorithm' - floating enviro
nment

(/usr/local/texlive/2015/texmf-dist/tex/latex/float/float.sty
Package: float 2001/11/08 v1.3d Float enhancements (AL)
\c@float@type=\count123
\float@exts=\toks33
\float@box=\box30
\@float@everytoks=\toks34
\@floatcapt=\box31
)
\@float@every@algorithm=\toks35
\c@algorithm=\count124
)
(/usr/local/texlive/2015/texmf-dist/tex/latex/algorithms/algorithmic.sty
Package: algorithmic 2009/08/24 v0.1 Document Style `algorithmic'
\c@ALC@unique=\count125
\c@ALC@line=\count126
\c@ALC@rem=\count127
\c@ALC@depth=\count128
\ALC@tlm=\skip57
\algorithmicindent=\skip58
)
\c@lemma=\count129
\c@proposition=\count130
\c@theorem=\count131
\c@thm=\count132
\c@corl=\count133
\c@lem=\count134
\c@prop=\count135

(./std-macros.tex
\c@definition=\count136
\c@assumption=\count137
\c@hypothesis=\count138
\c@corollary=\count139
\c@alg=\count140
\c@example=\count141
) (./macros.tex) (./main.aux)
\openout1 = `main.aux'.

LaTeX Font Info:    Checking defaults for OML/cmm/m/it on input line 97.
LaTeX Font Info:    ... okay on input line 97.
LaTeX Font Info:    Checking defaults for T1/cmr/m/n on input line 97.
LaTeX Font Info:    ... okay on input line 97.
LaTeX Font Info:    Checking defaults for OT1/cmr/m/n on input line 97.
LaTeX Font Info:    ... okay on input line 97.
LaTeX Font Info:    Checking defaults for OMS/cmsy/m/n on input line 97.
LaTeX Font Info:    ... okay on input line 97.
LaTeX Font Info:    Checking defaults for OMX/cmex/m/n on input line 97.
LaTeX Font Info:    ... okay on input line 97.
LaTeX Font Info:    Checking defaults for U/cmr/m/n on input line 97.
LaTeX Font Info:    ... okay on input line 97.
LaTeX Font Info:    Checking defaults for PD1/pdf/m/n on input line 97.
LaTeX Font Info:    ... okay on input line 97.
LaTeX Font Info:    Try loading font information for OT1+ptm on input line 97.

(/usr/local/texlive/2015/texmf-dist/tex/latex/psnfss/ot1ptm.fd
File: ot1ptm.fd 2001/06/04 font definitions for OT1/ptm.
)
\AtBeginShipoutBox=\box32
Package hyperref Info: Link coloring ON on input line 97.

(/usr/local/texlive/2015/texmf-dist/tex/latex/hyperref/nameref.sty
Package: nameref 2012/10/27 v2.43 Cross-referencing by name of section

(/usr/local/texlive/2015/texmf-dist/tex/generic/oberdiek/gettitlestring.sty
Package: gettitlestring 2010/12/03 v1.4 Cleanup title references (HO)
)
\c@section@level=\count142
)
LaTeX Info: Redefining \ref on input line 97.
LaTeX Info: Redefining \pageref on input line 97.
LaTeX Info: Redefining \nameref on input line 97.

(./main.out) (./main.out)
\@outlinefile=\write3
\openout3 = `main.out'.


(/usr/local/texlive/2015/texmf-dist/tex/context/base/supp-pdf.mkii
[Loading MPS to PDF converter (version 2006.09.02).]
\scratchcounter=\count143
\scratchdimen=\dimen146
\scratchbox=\box33
\nofMPsegments=\count144
\nofMParguments=\count145
\everyMPshowfont=\toks36
\MPscratchCnt=\count146
\MPscratchDim=\dimen147
\MPnumerator=\count147
\makeMPintoPDFobject=\count148
\everyMPtoPDFconversion=\toks37
) ABD: EveryShipout initializing macros
(/usr/local/texlive/2015/texmf-dist/tex/latex/oberdiek/epstopdf-base.sty
Package: epstopdf-base 2010/02/09 v2.5 Base part for package epstopdf

(/usr/local/texlive/2015/texmf-dist/tex/latex/oberdiek/grfext.sty
Package: grfext 2010/08/19 v1.1 Manage graphics extensions (HO)
)
Package grfext Info: Graphics extension search list:
(grfext)             [.png,.pdf,.jpg,.mps,.jpeg,.jbig2,.jb2,.PNG,.PDF,.JPG,.JPE
G,.JBIG2,.JB2,.eps]
(grfext)             \AppendGraphicsExtensions on input line 452.

(/usr/local/texlive/2015/texmf-dist/tex/latex/latexconfig/epstopdf-sys.cfg
File: epstopdf-sys.cfg 2010/07/13 v1.3 Configuration of (r)epstopdf for TeX Liv
e
))
Package caption Info: Begin \AtBeginDocument code.
Package caption Info: float package is loaded.
Package caption Info: End \AtBeginDocument code.
LaTeX Font Info:    Font shape `OT1/ptm/bx/n' in size <14.4> not available
(Font)              Font shape `OT1/ptm/b/n' tried instead on input line 98.
LaTeX Font Info:    Try loading font information for U+lasy on input line 98.

(/usr/local/texlive/2015/texmf-dist/tex/latex/base/ulasy.fd
File: ulasy.fd 1998/08/17 v2.2e LaTeX symbol font definitions
)
LaTeX Font Info:    Try loading font information for U+msa on input line 98.

(/usr/local/texlive/2015/texmf-dist/tex/latex/amsfonts/umsa.fd
File: umsa.fd 2013/01/14 v3.01 AMS symbols A
)
LaTeX Font Info:    Try loading font information for U+msb on input line 98.

(/usr/local/texlive/2015/texmf-dist/tex/latex/amsfonts/umsb.fd
File: umsb.fd 2013/01/14 v3.01 AMS symbols B
)
LaTeX Font Info:    Font shape `OT1/ptm/bx/n' in size <12> not available
(Font)              Font shape `OT1/ptm/b/n' tried instead on input line 98.
LaTeX Font Info:    Try loading font information for OT1+pcr on input line 98.

(/usr/local/texlive/2015/texmf-dist/tex/latex/psnfss/ot1pcr.fd
File: ot1pcr.fd 2001/06/04 font definitions for OT1/pcr.
)
LaTeX Font Info:    Try loading font information for OMS+pcr on input line 98.

(/usr/local/texlive/2015/texmf-dist/tex/latex/psnfss/omspcr.fd
File: omspcr.fd 
)
LaTeX Font Info:    Font shape `OMS/pcr/m/n' in size <12> not available
(Font)              Font shape `OMS/cmsy/m/n' tried instead on input line 98.
 (./abstract.tex) (./intro.tex <figures/msmarco_bias.pdf, id=29, 462.52798pt x 
346.89601pt>
File: figures/msmarco_bias.pdf Graphic file (type pdf)

<use figures/msmarco_bias.pdf>
Package pdftex.def Info: figures/msmarco_bias.pdf used on input line 30.
(pdftex.def)             Requested size: 223.0721pt x 167.30746pt.

<figures/msmarco_instance_correlation.pdf, id=30, 462.52798pt x 346.89601pt>
File: figures/msmarco_instance_correlation.pdf Graphic file (type pdf)

<use figures/msmarco_instance_correlation.pdf>
Package pdftex.def Info: figures/msmarco_instance_correlation.pdf used on input
 line 35.
(pdftex.def)             Requested size: 223.0721pt x 167.30746pt.

Underfull \hbox (badness 1147) in paragraph at lines 80--93
\OT1/ptm/m/n/10.95 10,000 hu-man judg-ments which cover sev-eral
 []

[1{/usr/local/texlive/2015/texmf-var/fonts/map/pdftex/updmap/pdftex.map}



])
(./bias.tex (./examples-1.table
LaTeX Font Info:    Font shape `OT1/ptm/bx/n' in size <10.95> not available
(Font)              Font shape `OT1/ptm/b/n' tried instead on input line 4.
LaTeX Font Info:    Font shape `OT1/pcr/bx/n' in size <10.95> not available
(Font)              Font shape `OT1/pcr/b/n' tried instead on input line 4.
LaTeX Font Info:    Font shape `OT1/ptm/bx/n' in size <9> not available
(Font)              Font shape `OT1/ptm/b/n' tried instead on input line 9.

Underfull \hbox (badness 2035) in paragraph at lines 12--15
[]|\OT1/ptm/m/n/9 it is a pro-tein hor-mone pro-duced by gran-u-losa cells
 []

) (./examples-2.table
LaTeX Font Info:    Font shape `OT1/pcr/m/it' in size <10.95> not available
(Font)              Font shape `OT1/pcr/m/sl' tried instead on input line 6.

Underfull \hbox (badness 1342) in paragraph at lines 17--17
[]|\OT1/ptm/m/n/9 The Di-rect Mar-ket-ing Com-mis-sion prob-ing B2C
 []

) [2 <./figures/msmarco_bias.pdf> <./figures/msmarco_instance_correlation.pdf

pdfTeX warning: pdflatex (file ./figures/msmarco_instance_correlation.pdf): PDF
 inclusion: multiple pdfs with page group included in a single page
>] [3]) (./method.tex
Underfull \hbox (badness 2582) in paragraph at lines 40--46
\OT1/ptm/m/n/10.95 in-de-pen-dently.[][][][][] De-fine the es-ti-ma-tor to be
 []



pdfTeX warning: pdflatex (file ./figures/variance_reduction_extreme.pdf): PDF i
nclusion: found PDF version <1.7>, but at most version <1.5> allowed
<figures/variance_reduction_extreme.pdf, id=155, 963.6pt x 542.025pt>
File: figures/variance_reduction_extreme.pdf Graphic file (type pdf)

<use figures/variance_reduction_extreme.pdf>
Package pdftex.def Info: figures/variance_reduction_extreme.pdf used on input l
ine 95.
(pdftex.def)             Requested size: 219.08612pt x 123.2323pt.
 [4]
<figures/savings.pdf, id=182, 462.52798pt x 346.89601pt>
File: figures/savings.pdf Graphic file (type pdf)

<use figures/savings.pdf>
Package pdftex.def Info: figures/savings.pdf used on input line 136.
(pdftex.def)             Requested size: 219.08612pt x 164.3168pt.
 [5 <./figures/variance_reduction_extreme.pdf> <./figures/savings.pdf

pdfTeX warning: pdflatex (file ./figures/savings.pdf): PDF inclusion: multiple 
pdfs with page group included in a single page
>]) (./tasks.tex <figures/edit.png, id=233, 894.34125pt x 496.85625pt>
File: figures/edit.png Graphic file (type png)

<use figures/edit.png>
Package pdftex.def Info: figures/edit.png used on input line 5.
(pdftex.def)             Requested size: 213.96527pt x 118.86885pt.
 <figures/qa.png, id=234, 937.5025pt x 426.59375pt>
File: figures/qa.png Graphic file (type png)

<use figures/qa.png>
Package pdftex.def Info: figures/qa.png used on input line 8.
(pdftex.def)             Requested size: 213.96527pt x 97.3594pt.
 (./tasks.table
Overfull \hbox (11.77678pt too wide) in paragraph at lines 2--25
 [][] 
 []

)
Underfull \vbox (badness 2941) has occurred while \output is active []

 [6])
(./evaluation.tex
<figures/msmarco_correlation.pdf, id=281, 462.52798pt x 346.89601pt>
File: figures/msmarco_correlation.pdf Graphic file (type pdf)

<use figures/msmarco_correlation.pdf>
Package pdftex.def Info: figures/msmarco_correlation.pdf used on input line 4.
(pdftex.def)             Requested size: 204.85844pt x 153.6457pt.

<figures/lqual_correlation.pdf, id=282, 462.52798pt x 346.89601pt>
File: figures/lqual_correlation.pdf Graphic file (type pdf)

<use figures/lqual_correlation.pdf>
Package pdftex.def Info: figures/lqual_correlation.pdf used on input line 9.
(pdftex.def)             Requested size: 204.85844pt x 153.6457pt.

Underfull \hbox (badness 1924) in paragraph at lines 95--16
\OT1/ptm/m/n/10.95 We man-u-ally in-spected 30 ref-er-ence an-swers
 []


Underfull \hbox (badness 1033) in paragraph at lines 35--40
 []\OT1/ptm/b/n/10.95 Automatic met-rics. \OT1/ptm/m/n/10.95 We con-sider the f
ol-low-
 []

<figures/lqual_trajectory_foil.pdf, id=298, 462.52798pt x 346.89601pt>
File: figures/lqual_trajectory_foil.pdf Graphic file (type pdf)

<use figures/lqual_trajectory_foil.pdf>
Package pdftex.def Info: figures/lqual_trajectory_foil.pdf used on input line 6
1.
(pdftex.def)             Requested size: 145.68143pt x 109.26222pt.

<figures/lqual_trajectory.pdf, id=299, 462.52798pt x 346.89601pt>
File: figures/lqual_trajectory.pdf Graphic file (type pdf)

<use figures/lqual_trajectory.pdf>
Package pdftex.def Info: figures/lqual_trajectory.pdf used on input line 66.
(pdftex.def)             Requested size: 145.68143pt x 109.26222pt.

<figures/msmarco_trajectory.pdf, id=300, 462.52798pt x 346.89601pt>
File: figures/msmarco_trajectory.pdf Graphic file (type pdf)

<use figures/msmarco_trajectory.pdf>
Package pdftex.def Info: figures/msmarco_trajectory.pdf used on input line 71.
(pdftex.def)             Requested size: 145.68143pt x 109.26222pt.

Underfull \hbox (badness 10000) in paragraph at lines 84--84
[][][]\OT1/ptm/m/n/9 Extended re-sults for other sys-tems, met-rics
 []


Underfull \hbox (badness 7133) in paragraph at lines 84--84
\OT1/ptm/m/n/9 and prompts can be found at [][]$\OT1/pcr/m/n/9 https : / / bit 
. ly /
 []

[7 <./figures/edit.png (PNG copy)> <./figures/qa.png (PNG copy)>]
Underfull \hbox (badness 1067) in paragraph at lines 90--93
\OT1/ptm/m/n/10.95 bet-ter au-to-matic met-rics to in-crease data ef-fi-
 []

) (./related-work.tex [8 <./figures/msmarco_correlation.pdf> <./figures/lqual_c
orrelation.pdf

pdfTeX warning: pdflatex (file ./figures/lqual_correlation.pdf): PDF inclusion:
 multiple pdfs with page group included in a single page
>]) (./discussion.tex
Underfull \hbox (badness 1009) in paragraph at lines 5--13
\OT1/ptm/m/n/10.95 Prior work has shown that ex-ist-ing au-to-matic
 []

) (./main.bbl [9 <./figures/lqual_trajectory_foil.pdf> <./figures/lqual_traject
ory.pdf

pdfTeX warning: pdflatex (file ./figures/lqual_trajectory.pdf): PDF inclusion: 
multiple pdfs with page group included in a single page
> <./figures/msmarco_trajectory.pdf

pdfTeX warning: pdflatex (file ./figures/msmarco_trajectory.pdf): PDF inclusion
: multiple pdfs with page group included in a single page
>]
Missing character: There is no ƒ in font ptmr7t!
Missing character: There is no ç in font ptmr7t!
Missing character: There is no √ in font ptmr7t!
Missing character: There is no Ω in font ptmr7t!

Underfull \hbox (badness 1072) in paragraph at lines 58--62
\OT1/ptm/m/n/10 Her-mann, G. Melis, and E. Grefen-stette. 2017.
 []


Underfull \hbox (badness 2970) in paragraph at lines 127--131
[]\OT1/ptm/m/n/10 R. Nal-la-p-ati, B. Zhou, C. Gul-cehre, B. Xi-ang,
 []

Missing character: There is no ≈ in font ptmr7t!
Missing character: There is no ° in font ptmr7t!
[10]
Underfull \hbox (badness 4001) in paragraph at lines 222--227
\OT1/ptm/m/n/10 W. Macherey, M. Krikun, Y. Cao, Q. Gao,
 []

) [11

] (./annotation.tex
File: figures/edit.png Graphic file (type png)
 <use figures/edit.png>
Package pdftex.def Info: figures/edit.png used on input line 18.
(pdftex.def)             Requested size: 364.19664pt x 202.33255pt.

<figures/lqual_tutorial.png, id=440, 882.29625pt x 999.735pt>
File: figures/lqual_tutorial.png Graphic file (type png)

<use figures/lqual_tutorial.png>
Package pdftex.def Info: figures/lqual_tutorial.png used on input line 23.
(pdftex.def)             Requested size: 364.19664pt x 412.67036pt.

<figures/msmarco_interface.png, id=442, 1186.4325pt x 730.73pt>
File: figures/msmarco_interface.png Graphic file (type png)

<use figures/msmarco_interface.png>
Package pdftex.def Info: figures/msmarco_interface.png used on input line 32.
(pdftex.def)             Requested size: 364.19664pt x 224.3051pt.

<figures/msmarco_tutorial.png, id=443, 883.3pt x 973.6375pt>
File: figures/msmarco_tutorial.png Graphic file (type png)

<use figures/msmarco_tutorial.png>
Package pdftex.def Info: figures/msmarco_tutorial.png used on input line 37.
(pdftex.def)             Requested size: 364.19664pt x 401.43729pt.

Underfull \hbox (badness 2961) in paragraph at lines 47--49
\OT1/ptm/m/n/10.95 as-sess fo-cus, co-herency and ref-er-en-tial clar-
 []


Underfull \hbox (badness 1881) in paragraph at lines 47--49
\OT1/ptm/m/n/10.95 ity adapted from the DUC eval-u-a-tion guide-
 []


Underfull \hbox (badness 3930) in paragraph at lines 52--55
 []\OT1/ptm/b/n/10.95 Quality con-trol mea-sures. \OT1/ptm/m/n/10.95 We ini-tia
lly at-
 []


Underfull \hbox (badness 1406) in paragraph at lines 61--64
\OT1/ptm/m/n/10.95 of the ques-tions in the MS MARCO dataset
 []

) (./appendix.tex [12

] [13 <./figures/lqual_tutorial.png>] [14 <./figures/msmarco_interface.png> <./
figures/msmarco_tutorial.png>] (./main_theorem.tex
[15

] [16]) (./added_bias_proposition.tex [17]))
Package atveryend Info: Empty hook `BeforeClearDocument' on input line 134.
 [18]
Package atveryend Info: Empty hook `AfterLastShipout' on input line 134.
 (./main.aux)
Package atveryend Info: Executing hook `AtVeryEndDocument' on input line 134.
Package atveryend Info: Executing hook `AtEndAfterFileList' on input line 134.
Package rerunfilecheck Info: File `main.out' has not changed.
(rerunfilecheck)             Checksum: D41D8CD98F00B204E9800998ECF8427E;0.
Package atveryend Info: Empty hook `AtVeryVeryEnd' on input line 134.
 )
(\end occurred when \iffalse on line 348 was incomplete) 
Here is how much of TeX's memory you used:
 9453 strings out of 493089
 135735 string characters out of 6134842
 249358 words of memory out of 5000000
 12562 multiletter control sequences out of 15000+600000
 40944 words of font info for 98 fonts, out of 8000000 for 9000
 1141 hyphenation exceptions out of 8191
 42i,20n,44p,874b,617s stack positions out of 5000i,500n,10000p,200000b,80000s
pdfTeX warning (dest): 
name{Hfootnote.1} has been referenced but does not exist, replaced by a fixed o
ne

{/usr/local/texlive/2015/texmf-dist/fonts/enc/dvips/base/8r.enc}</usr/local/tex
live/2015/texmf-dist/fonts/type1/public/amsfonts/cm/cmex10.pfb></usr/local/texl
ive/2015/texmf-dist/fonts/type1/public/amsfonts/cm/cmmi10.pfb></usr/local/texli
ve/2015/texmf-dist/fonts/type1/public/amsfonts/cm/cmmi12.pfb></usr/local/texliv
e/2015/texmf-dist/fonts/type1/public/amsfonts/cm/cmmi6.pfb></usr/local/texlive/
2015/texmf-dist/fonts/type1/public/amsfonts/cm/cmmi8.pfb></usr/local/texlive/20
15/texmf-dist/fonts/type1/public/amsfonts/cm/cmmi9.pfb></usr/local/texlive/2015
/texmf-dist/fonts/type1/public/amsfonts/cm/cmr10.pfb></usr/local/texlive/2015/t
exmf-dist/fonts/type1/public/amsfonts/cm/cmr12.pfb></usr/local/texlive/2015/tex
mf-dist/fonts/type1/public/amsfonts/cm/cmr17.pfb></usr/local/texlive/2015/texmf
-dist/fonts/type1/public/amsfonts/cm/cmr6.pfb></usr/local/texlive/2015/texmf-di
st/fonts/type1/public/amsfonts/cm/cmr8.pfb></usr/local/texlive/2015/texmf-dist/
fonts/type1/public/amsfonts/cm/cmr9.pfb></usr/local/texlive/2015/texmf-dist/fon
ts/type1/public/amsfonts/cm/cmss12.pfb></usr/local/texlive/2015/texmf-dist/font
s/type1/public/amsfonts/cm/cmss17.pfb></usr/local/texlive/2015/texmf-dist/fonts
/type1/public/amsfonts/cm/cmsy10.pfb></usr/local/texlive/2015/texmf-dist/fonts/
type1/public/amsfonts/cm/cmsy6.pfb></usr/local/texlive/2015/texmf-dist/fonts/ty
pe1/public/amsfonts/cm/cmsy8.pfb></usr/local/texlive/2015/texmf-dist/fonts/type
1/public/amsfonts/cm/cmsy9.pfb></usr/local/texlive/2015/texmf-dist/fonts/type1/
public/amsfonts/symbols/msam10.pfb></usr/local/texlive/2015/texmf-dist/fonts/ty
pe1/public/amsfonts/symbols/msbm10.pfb></usr/local/texlive/2015/texmf-dist/font
s/type1/urw/courier/ucrb8a.pfb></usr/local/texlive/2015/texmf-dist/fonts/type1/
urw/courier/ucrr8a.pfb></usr/local/texlive/2015/texmf-dist/fonts/type1/urw/cour
ier/ucrro8a.pfb></usr/local/texlive/2015/texmf-dist/fonts/type1/urw/times/utmb8
a.pfb></usr/local/texlive/2015/texmf-dist/fonts/type1/urw/times/utmr8a.pfb></us
r/local/texlive/2015/texmf-dist/fonts/type1/urw/times/utmri8a.pfb>
Output written on main.pdf (18 pages, 1194069 bytes).
PDF statistics:
 654 PDF objects out of 1000 (max. 8388607)
 574 compressed objects within 6 object streams
 154 named destinations out of 1000 (max. 500000)
 71 words of extra memory for PDF output out of 10000 (max. 10000000)

